This is LuaTeX, Version beta-0.70.1-2011080216 (rev 4277)  (format=lualatex 2017.10.19)  24 OCT 2017 09:43
**m.tex
(D:/iokr/ProgUzytkowe/m.tex
LaTeX2e <2011/06/27>
LuaTeX adaptation of babel <v3.8l-luatex-1.4> and hyphenation patterns for engl
ish, loaded.
("C:/Program Files (x86)/MiKTeX 2.9/tex/latex/base/article.cls"
Document Class: article 2007/10/19 v1.4h Standard LaTeX document class
("C:/Program Files (x86)/MiKTeX 2.9/tex/latex/base/size12.clo"
File: size12.clo 2007/10/19 v1.4h Standard LaTeX file (size option)
)
\c@part=\count79
\c@section=\count80
\c@subsection=\count81
\c@subsubsection=\count82
\c@paragraph=\count83
\c@subparagraph=\count84
\c@figure=\count85
\c@table=\count86
\abovecaptionskip=\skip41
\belowcaptionskip=\skip42
\bibindent=\dimen102
)
(C:/Users/local/AppData/Roaming/MiKTeX/2.9/tex/latex/polski/polski.sty
Package: polski 2008/02/24 v1.3.3 Polish language package

Document language package `polski' v1.3.3 <2008/02/24>
\l@nohyphenation=\language70
   Switching to Polish text encoding and Polish maths fonts.
("C:/Program Files (x86)/MiKTeX 2.9/tex/latex/base/ot4enc.def"
File: ot4enc.def 2005/09/27 v1.99g Standard LaTeX file
)
LaTeX Font Info:    Try loading font information for OT4+cmr on input line 346.


(C:/Users/local/AppData/Roaming/MiKTeX/2.9/tex/latex/polski/ot4cmr.fd
File: ot4cmr.fd 2008/02/24 v1.2.1 Font defs for fonts PL (MW)
)
LaTeX Font Info:    Overwriting math alphabet `\mathbf' in version `normal'
(Font)                  OT1/cmr/bx/n --> OT4/cmr/bx/n on input line 346.
LaTeX Font Info:    Overwriting math alphabet `\mathsf' in version `normal'
(Font)                  OT1/cmss/m/n --> OT4/cmss/m/n on input line 346.
LaTeX Font Info:    Overwriting math alphabet `\mathit' in version `normal'
(Font)                  OT1/cmr/m/it --> OT4/cmr/m/it on input line 346.
LaTeX Font Info:    Overwriting math alphabet `\mathtt' in version `normal'
(Font)                  OT1/cmtt/m/n --> OT4/cmtt/m/n on input line 346.
LaTeX Font Info:    Overwriting math alphabet `\mathsf' in version `bold'
(Font)                  OT1/cmss/bx/n --> OT4/cmss/bx/n on input line 346.
LaTeX Font Info:    Overwriting math alphabet `\mathit' in version `bold'
(Font)                  OT1/cmr/bx/it --> OT4/cmr/bx/it on input line 346.
LaTeX Font Info:    Encoding `OT1' has changed to `OT4' for symbol font
(Font)              `operators' in the math version `normal' on input line 346.

LaTeX Font Info:    Overwriting symbol font `operators' in version `normal'
(Font)                  OT1/cmr/m/n --> OT4/cmr/m/n on input line 346.
LaTeX Font Info:    Overwriting symbol font `letters' in version `normal'
(Font)                  OML/cmm/m/it --> OML/plm/m/it on input line 346.
LaTeX Font Info:    Overwriting symbol font `symbols' in version `normal'
(Font)                  OMS/cmsy/m/n --> OMS/plsy/m/n on input line 346.
LaTeX Font Info:    Overwriting symbol font `largesymbols' in version `normal'
(Font)                  OMX/cmex/m/n --> OMX/plex/m/n on input line 346.
LaTeX Font Info:    Encoding `OT1' has changed to `OT4' for symbol font
(Font)              `operators' in the math version `bold' on input line 346.
LaTeX Font Info:    Overwriting symbol font `operators' in version `bold'
(Font)                  OT1/cmr/bx/n --> OT4/cmr/bx/n on input line 346.
LaTeX Font Info:    Overwriting symbol font `letters' in version `bold'
(Font)                  OML/cmm/b/it --> OML/plm/b/it on input line 346.
LaTeX Font Info:    Overwriting symbol font `symbols' in version `bold'
(Font)                  OMS/cmsy/b/n --> OMS/plsy/b/n on input line 346.
)
("C:/Program Files (x86)/MiKTeX 2.9/tex/latex/base/inputenc.sty"
Package: inputenc 2008/03/30 v1.1d Input encoding file
\inpenc@prehook=\toks14
\inpenc@posthook=\toks15

("C:/Program Files (x86)/MiKTeX 2.9/tex/latex/base/utf8.def"
File: utf8.def 2008/04/05 v1.1m UTF-8 support for inputenc
Now handling font encoding OML ...
... no UTF-8 mapping file for font encoding OML
Now handling font encoding T1 ...
... processing UTF-8 mapping file for font encoding T1

("C:/Program Files (x86)/MiKTeX 2.9/tex/latex/base/t1enc.dfu"
File: t1enc.dfu 2008/04/05 v1.1m UTF-8 support for inputenc
   defining Unicode char U+00A1 (decimal 161)
   defining Unicode char U+00A3 (decimal 163)
   defining Unicode char U+00AB (decimal 171)
   defining Unicode char U+00BB (decimal 187)
   defining Unicode char U+00BF (decimal 191)
   defining Unicode char U+00C0 (decimal 192)
   defining Unicode char U+00C1 (decimal 193)
   defining Unicode char U+00C2 (decimal 194)
   defining Unicode char U+00C3 (decimal 195)
   defining Unicode char U+00C4 (decimal 196)
   defining Unicode char U+00C5 (decimal 197)
   defining Unicode char U+00C6 (decimal 198)
   defining Unicode char U+00C7 (decimal 199)
   defining Unicode char U+00C8 (decimal 200)
   defining Unicode char U+00C9 (decimal 201)
   defining Unicode char U+00CA (decimal 202)
   defining Unicode char U+00CB (decimal 203)
   defining Unicode char U+00CC (decimal 204)
   defining Unicode char U+00CD (decimal 205)
   defining Unicode char U+00CE (decimal 206)
   defining Unicode char U+00CF (decimal 207)
   defining Unicode char U+00D0 (decimal 208)
   defining Unicode char U+00D1 (decimal 209)
   defining Unicode char U+00D2 (decimal 210)
   defining Unicode char U+00D3 (decimal 211)
   defining Unicode char U+00D4 (decimal 212)
   defining Unicode char U+00D5 (decimal 213)
   defining Unicode char U+00D6 (decimal 214)
   defining Unicode char U+00D8 (decimal 216)
   defining Unicode char U+00D9 (decimal 217)
   defining Unicode char U+00DA (decimal 218)
   defining Unicode char U+00DB (decimal 219)
   defining Unicode char U+00DC (decimal 220)
   defining Unicode char U+00DD (decimal 221)
   defining Unicode char U+00DE (decimal 222)
   defining Unicode char U+00DF (decimal 223)
   defining Unicode char U+00E0 (decimal 224)
   defining Unicode char U+00E1 (decimal 225)
   defining Unicode char U+00E2 (decimal 226)
   defining Unicode char U+00E3 (decimal 227)
   defining Unicode char U+00E4 (decimal 228)
   defining Unicode char U+00E5 (decimal 229)
   defining Unicode char U+00E6 (decimal 230)
   defining Unicode char U+00E7 (decimal 231)
   defining Unicode char U+00E8 (decimal 232)
   defining Unicode char U+00E9 (decimal 233)
   defining Unicode char U+00EA (decimal 234)
   defining Unicode char U+00EB (decimal 235)
   defining Unicode char U+00EC (decimal 236)
   defining Unicode char U+00ED (decimal 237)
   defining Unicode char U+00EE (decimal 238)
   defining Unicode char U+00EF (decimal 239)
   defining Unicode char U+00F0 (decimal 240)
   defining Unicode char U+00F1 (decimal 241)
   defining Unicode char U+00F2 (decimal 242)
   defining Unicode char U+00F3 (decimal 243)
   defining Unicode char U+00F4 (decimal 244)
   defining Unicode char U+00F5 (decimal 245)
   defining Unicode char U+00F6 (decimal 246)
   defining Unicode char U+00F8 (decimal 248)
   defining Unicode char U+00F9 (decimal 249)
   defining Unicode char U+00FA (decimal 250)
   defining Unicode char U+00FB (decimal 251)
   defining Unicode char U+00FC (decimal 252)
   defining Unicode char U+00FD (decimal 253)
   defining Unicode char U+00FE (decimal 254)
   defining Unicode char U+00FF (decimal 255)
   defining Unicode char U+0102 (decimal 258)
   defining Unicode char U+0103 (decimal 259)
   defining Unicode char U+0104 (decimal 260)
   defining Unicode char U+0105 (decimal 261)
   defining Unicode char U+0106 (decimal 262)
   defining Unicode char U+0107 (decimal 263)
   defining Unicode char U+010C (decimal 268)
   defining Unicode char U+010D (decimal 269)
   defining Unicode char U+010E (decimal 270)
   defining Unicode char U+010F (decimal 271)
   defining Unicode char U+0110 (decimal 272)
   defining Unicode char U+0111 (decimal 273)
   defining Unicode char U+0118 (decimal 280)
   defining Unicode char U+0119 (decimal 281)
   defining Unicode char U+011A (decimal 282)
   defining Unicode char U+011B (decimal 283)
   defining Unicode char U+011E (decimal 286)
   defining Unicode char U+011F (decimal 287)
   defining Unicode char U+0130 (decimal 304)
   defining Unicode char U+0131 (decimal 305)
   defining Unicode char U+0132 (decimal 306)
   defining Unicode char U+0133 (decimal 307)
   defining Unicode char U+0139 (decimal 313)
   defining Unicode char U+013A (decimal 314)
   defining Unicode char U+013D (decimal 317)
   defining Unicode char U+013E (decimal 318)
   defining Unicode char U+0141 (decimal 321)
   defining Unicode char U+0142 (decimal 322)
   defining Unicode char U+0143 (decimal 323)
   defining Unicode char U+0144 (decimal 324)
   defining Unicode char U+0147 (decimal 327)
   defining Unicode char U+0148 (decimal 328)
   defining Unicode char U+014A (decimal 330)
   defining Unicode char U+014B (decimal 331)
   defining Unicode char U+0150 (decimal 336)
   defining Unicode char U+0151 (decimal 337)
   defining Unicode char U+0152 (decimal 338)
   defining Unicode char U+0153 (decimal 339)
   defining Unicode char U+0154 (decimal 340)
   defining Unicode char U+0155 (decimal 341)
   defining Unicode char U+0158 (decimal 344)
   defining Unicode char U+0159 (decimal 345)
   defining Unicode char U+015A (decimal 346)
   defining Unicode char U+015B (decimal 347)
   defining Unicode char U+015E (decimal 350)
   defining Unicode char U+015F (decimal 351)
   defining Unicode char U+0160 (decimal 352)
   defining Unicode char U+0161 (decimal 353)
   defining Unicode char U+0162 (decimal 354)
   defining Unicode char U+0163 (decimal 355)
   defining Unicode char U+0164 (decimal 356)
   defining Unicode char U+0165 (decimal 357)
   defining Unicode char U+016E (decimal 366)
   defining Unicode char U+016F (decimal 367)
   defining Unicode char U+0170 (decimal 368)
   defining Unicode char U+0171 (decimal 369)
   defining Unicode char U+0178 (decimal 376)
   defining Unicode char U+0179 (decimal 377)
   defining Unicode char U+017A (decimal 378)
   defining Unicode char U+017B (decimal 379)
   defining Unicode char U+017C (decimal 380)
   defining Unicode char U+017D (decimal 381)
   defining Unicode char U+017E (decimal 382)
   defining Unicode char U+200C (decimal 8204)
   defining Unicode char U+2013 (decimal 8211)
   defining Unicode char U+2014 (decimal 8212)
   defining Unicode char U+2018 (decimal 8216)
   defining Unicode char U+2019 (decimal 8217)
   defining Unicode char U+201A (decimal 8218)
   defining Unicode char U+201C (decimal 8220)
   defining Unicode char U+201D (decimal 8221)
   defining Unicode char U+201E (decimal 8222)
   defining Unicode char U+2030 (decimal 8240)
   defining Unicode char U+2031 (decimal 8241)
   defining Unicode char U+2039 (decimal 8249)
   defining Unicode char U+203A (decimal 8250)
   defining Unicode char U+2423 (decimal 9251)
)
Now handling font encoding OT1 ...
... processing UTF-8 mapping file for font encoding OT1

("C:/Program Files (x86)/MiKTeX 2.9/tex/latex/base/ot1enc.dfu"
File: ot1enc.dfu 2008/04/05 v1.1m UTF-8 support for inputenc
   defining Unicode char U+00A1 (decimal 161)
   defining Unicode char U+00A3 (decimal 163)
   defining Unicode char U+00B8 (decimal 184)
   defining Unicode char U+00BF (decimal 191)
   defining Unicode char U+00C5 (decimal 197)
   defining Unicode char U+00C6 (decimal 198)
   defining Unicode char U+00D8 (decimal 216)
   defining Unicode char U+00DF (decimal 223)
   defining Unicode char U+00E6 (decimal 230)
   defining Unicode char U+00EC (decimal 236)
   defining Unicode char U+00ED (decimal 237)
   defining Unicode char U+00EE (decimal 238)
   defining Unicode char U+00EF (decimal 239)
   defining Unicode char U+00F8 (decimal 248)
   defining Unicode char U+0131 (decimal 305)
   defining Unicode char U+0141 (decimal 321)
   defining Unicode char U+0142 (decimal 322)
   defining Unicode char U+0152 (decimal 338)
   defining Unicode char U+0153 (decimal 339)
   defining Unicode char U+2013 (decimal 8211)
   defining Unicode char U+2014 (decimal 8212)
   defining Unicode char U+2018 (decimal 8216)
   defining Unicode char U+2019 (decimal 8217)
   defining Unicode char U+201C (decimal 8220)
   defining Unicode char U+201D (decimal 8221)
)
Now handling font encoding OMS ...
... processing UTF-8 mapping file for font encoding OMS

("C:/Program Files (x86)/MiKTeX 2.9/tex/latex/base/omsenc.dfu"
File: omsenc.dfu 2008/04/05 v1.1m UTF-8 support for inputenc
   defining Unicode char U+00A7 (decimal 167)
   defining Unicode char U+00B6 (decimal 182)
   defining Unicode char U+00B7 (decimal 183)
   defining Unicode char U+2020 (decimal 8224)
   defining Unicode char U+2021 (decimal 8225)
   defining Unicode char U+2022 (decimal 8226)
)
Now handling font encoding OMX ...
... no UTF-8 mapping file for font encoding OMX
Now handling font encoding U ...
... no UTF-8 mapping file for font encoding U
Now handling font encoding OT4 ...
... no UTF-8 mapping file for font encoding OT4
   defining Unicode char U+00A9 (decimal 169)
   defining Unicode char U+00AA (decimal 170)
   defining Unicode char U+00AE (decimal 174)
   defining Unicode char U+00BA (decimal 186)
   defining Unicode char U+02C6 (decimal 710)
   defining Unicode char U+02DC (decimal 732)
   defining Unicode char U+200C (decimal 8204)
   defining Unicode char U+2026 (decimal 8230)
   defining Unicode char U+2122 (decimal 8482)
   defining Unicode char U+2423 (decimal 9251)
))
(D:/iokr/ProgUzytkowe/m.aux)
LaTeX Font Info:    Checking defaults for OML/cmm/m/it on input line 10.
LaTeX Font Info:    ... okay on input line 10.
LaTeX Font Info:    Checking defaults for T1/cmr/m/n on input line 10.
LaTeX Font Info:    ... okay on input line 10.
LaTeX Font Info:    Checking defaults for OT1/cmr/m/n on input line 10.
LaTeX Font Info:    ... okay on input line 10.
LaTeX Font Info:    Checking defaults for OMS/cmsy/m/n on input line 10.
LaTeX Font Info:    ... okay on input line 10.
LaTeX Font Info:    Checking defaults for OMX/cmex/m/n on input line 10.
LaTeX Font Info:    ... okay on input line 10.
LaTeX Font Info:    Checking defaults for U/cmr/m/n on input line 10.
LaTeX Font Info:    ... okay on input line 10.
LaTeX Font Info:    Checking defaults for OT4/cmr/m/n on input line 10.
LaTeX Font Info:    ... okay on input line 10.

! Undefined control sequence.
\@title ->\Wydzia≈Ç 
                    Matematyki i Informatyki Uniwersytetu Warmi≈Ñsko-Mazursk...
l.12 \maketitle
               
The control sequence at the end of the top line
of your error message was never \def'ed. If you have
misspelled it (e.g., `\hobx'), type `I' and the correct
spelling (e.g., `I\hbox'). Otherwise just continue,
and I'll forget about whatever was undefined.

LaTeX Font Info:    Try loading font information for OML+plm on input line 12.
(C:/Users/local/AppData/Roaming/MiKTeX/2.9/tex/latex/polski/omlplm.fd
File: omlplm.fd 2008/02/24 v1.2.1 Font defs for fonts PL (MW)
)
LaTeX Font Info:    Try loading font information for OMS+plsy on input line 12.


(C:/Users/local/AppData/Roaming/MiKTeX/2.9/tex/latex/polski/omsplsy.fd
File: omsplsy.fd 2008/02/24 v1.2.1 Font defs for fonts PL (MW)
)
LaTeX Font Info:    Try loading font information for OMX+plex on input line 12.


(C:/Users/local/AppData/Roaming/MiKTeX/2.9/tex/latex/polski/omxplex.fd
File: omxplex.fd 2008/02/24 v1.2.1 Font defs for fonts PL (MW)
)
LaTeX Font Info:    External font `plex10' loaded for size
(Font)              <14.4> on input line 12.
LaTeX Font Info:    External font `plex10' loaded for size
(Font)              <10> on input line 12.
LaTeX Font Info:    External font `plex10' loaded for size
(Font)              <7> on input line 12.


! Package inputenc Error: Unicode char \u8:√≥chk not set up for use with LaTeX.


See the inputenc package documentation for explanation.
Type  H <return>  for immediate help.
 ...                                              
                                                  
l.15 ... w Olsztynie oferujƒÖcy studia na dw√≥ch k
                                                  ierunkach: Informatyka Mat...

Your command was ignored.
Type  I <command> <return>  to replace it with another command,
or  <return>  to continue without it.


! Package inputenc Error: Unicode char \u8:√≥wst not set up for use with LaTeX.


See the inputenc package documentation for explanation.
Type  H <return>  for immediate help.
 ...                                              
                                                  
l.15 ...nformatyka Matematyka w trybie studi√≥w st
                                                  acjonarnych i niestacjonar...

Your command was ignored.
Type  I <command> <return>  to replace it with another command,
or  <return>  to continue without it.


! Package inputenc Error: Unicode char \u8:√≥w,1 not set up for use with LaTeX.


See the inputenc package documentation for explanation.
Type  H <return>  for immediate help.
 ...                                              
                                                  
l.16 Wydzia≈Ç zatrudnia 8 profesor√≥w, 1
                                        4 doktor√≥w habilitowanych, 53 dokto...

Your command was ignored.
Type  I <command> <return>  to replace it with another command,
or  <return>  to continue without it.


! Package inputenc Error: Unicode char \u8:√≥wha not set up for use with LaTeX.


See the inputenc package documentation for explanation.
Type  H <return>  for immediate help.
 ...                                              
                                                  
l.16 ...Ç zatrudnia 8 profesor√≥w, 14 doktor√≥w ha
                                                  bilitowanych, 53 doktor√≥w...

Your command was ignored.
Type  I <command> <return>  to replace it with another command,
or  <return>  to continue without it.


! Package inputenc Error: Unicode char \u8:√≥wi2 not set up for use with LaTeX.


See the inputenc package documentation for explanation.
Type  H <return>  for immediate help.
 ...                                              
                                                  
l.16 ...doktor√≥w habilitowanych, 53 doktor√≥w i 2
                                                  8 magistr√≥w. }
Your command was ignored.
Type  I <command> <return>  to replace it with another command,
or  <return>  to continue without it.

! Argument of \UTFviii@four@octets has an extra }.
<inserted text> 
                \par 
l.16 ...itowanych, 53 doktor√≥w i 28 magistr√≥w. }
                                                  
I've run across a `}' that doesn't seem to match anything.
For example, `\def\a#1{...}' and `\a}' would produce
this error. If you simply proceed now, the `\par' that
I've just inserted will cause me to report a runaway
argument that might be the root of the problem. But if
your `}' was spurious, just type `2' and it will go away.

Runaway argument?
! Paragraph ended before \UTFviii@four@octets was complete.
<to be read again> 
                   \par 
l.16 ...itowanych, 53 doktor√≥w i 28 magistr√≥w. }
                                                  
I suspect you've forgotten a `}', causing me to apply this
control sequence to too much text. How can we recover?
My plan is to forget the whole thing and hope for the best.


Overfull \hbox (9.37137pt too wide) in paragraph at lines 15--16
[][]\OT4/cmr/bx/n/10.95 Wydzia≈Ç Matematyki i Informatyki Uniwersytetu Warmi≈Ñs
ko-
 []

! Extra }, or forgotten \endgroup.
<recently read> }
                 
l.16 ...itowanych, 53 doktor√≥w i 28 magistr√≥w. }
                                                  
I've deleted a group-closing symbol because it seems to be
spurious, as in `$x}$'. But perhaps the } is legitimate and
you forgot something else, as in `\hbox{$x}'. In such cases
the way to recover is to insert both the forgotten and the
deleted material, e.g., by typing `I$}'.

LaTeX Font Info:    Try loading font information for OMS+cmr on input line 23.
("C:/Program Files (x86)/MiKTeX 2.9/tex/latex/base/omscmr.fd"
File: omscmr.fd 1999/05/25 v2.5h Standard LaTeX font definitions
)
LaTeX Font Info:    Font shape `OMS/cmr/m/n' in size <12> not available
(Font)              Font shape `OMS/cmsy/m/n' tried instead on input line 23.


! Package inputenc Error: Unicode char \u8:√≥wzd not set up for use with LaTeX.


See the inputenc package documentation for explanation.
Type  H <return>  for immediate help.
 ...                                              
                                                  
l.23 \item Kszta≈Çcenie matematyk√≥w zd
                                       olnych do udzia≈Çu w rozwijaniu matem...

Your command was ignored.
Type  I <command> <return>  to replace it with another command,
or  <return>  to continue without it.


! Package inputenc Error: Unicode char \u8:√≥wdl not set up for use with LaTeX.


See the inputenc package documentation for explanation.
Type  H <return>  for immediate help.
 ...                                              
                                                  
l.25 ...ta≈Çcenie profesjonalnych informatyk√≥w dl
                                                  a potrzeb gospodarki, admi...

Your command was ignored.
Type  I <command> <return>  to replace it with another command,
or  <return>  to continue without it.


Overfull \hbox (16.2805pt too wide) in paragraph at lines 25--26
[][]\OT4/cmr/m/n/12 Kszta≈Çcenie profesjonalnych informatyka potrzeb gospodarki
, administracji,
 []


! Package inputenc Error: Unicode char \u8:√≥wsp not set up for use with LaTeX.


See the inputenc package documentation for explanation.
Type  H <return>  for immediate help.
 ...                                              
                                                  
l.26 \item Nauczanie matematyki i jej dzia≈Ç√≥w sp
                                                  ecjalnych jak statystyka m...

Your command was ignored.
Type  I <command> <return>  to replace it with another command,
or  <return>  to continue without it.


Overfull \hbox (0.15706pt too wide) in paragraph at lines 26--27
[][]\OT4/cmr/m/n/12 Nauczanie matematyki i jej dzia≈Çecjalnych jak statystyka m
atematyczna,
 []


Overfull \hbox (21.57211pt too wide) in paragraph at lines 26--27
\OT4/cmr/m/n/12 ekonometria, biomatematyka, ekologia matematyczna, metody numer
yczne;
 []


Overfull \hbox (1.53204pt too wide) in paragraph at lines 26--27
\OT4/cmr/m/n/12 fizyki a w razie potrzeby i podstaw informatyki na wszystkich w
ydzia≈Çach
 []


! Package inputenc Error: Unicode char \u8:√≥w$^ not set up for use with LaTeX.


See the inputenc package documentation for explanation.
Type  H <return>  for immediate help.
 ...                                              
                                                  
l.29 \section{Opis kierunk√≥w$^{[1]}$}
                                      
Your command was ignored.
Type  I <command> <return>  to replace it with another command,
or  <return>  to continue without it.

LaTeX Font Info:    External font `plex10' loaded for size
(Font)              <17.28> on input line 29.
LaTeX Font Info:    External font `plex10' loaded for size
(Font)              <12> on input line 29.
! Missing $ inserted.
<inserted text> 
                $
l.29 \section{Opis kierunk√≥w$^{[1]}$}
                                      
I've inserted a begin-math/end-math symbol since I think
you left one out. Proceed, with fingers crossed.


! Package inputenc Error: Unicode char \u8:√≥win not set up for use with LaTeX.


See the inputenc package documentation for explanation.
Type  H <return>  for immediate help.
 ...                                              
                                                  
l.32 ...kie (7 sem.), sp. in≈ºynieria system√≥w in
                                                  formatycznych, informatyka...

Your command was ignored.
Type  I <command> <return>  to replace it with another command,
or  <return>  to continue without it.


! Package inputenc Error: Unicode char \u8:√≥lna not set up for use with LaTeX.


See the inputenc package documentation for explanation.
Type  H <return>  for immediate help.
 ...                                              
                                                  
l.32 ...em√≥w informatycznych, informatyka og√≥lna
                                                  
Your command was ignored.
Type  I <command> <return>  to replace it with another command,
or  <return>  to continue without it.


Overfull \hbox (54.4065pt too wide) in paragraph at lines 32--33
[][]\OT4/cmr/m/n/12 studia pierwszego stopnia ‚Äì in≈ºynierskie (7 sem.), sp. i
n≈ºynieria systemformatycznych,
 []

[1

{C:/Users/local/AppData/Local/MiKTeX/2.9/pdftex/config/pdftex.map}]

! Package inputenc Error: Unicode char \u8:√≥win not set up for use with LaTeX.


See the inputenc package documentation for explanation.
Type  H <return>  for immediate help.
 ...                                              
                                                  
l.33 ... multimedialne, projektowanie system√≥w in
                                                  formatycznych i sieci komp...

Your command was ignored.
Type  I <command> <return>  to replace it with another command,
or  <return>  to continue without it.


Overfull \hbox (10.54028pt too wide) in paragraph at lines 33--34
[][]\OT4/cmr/m/n/12 studia drugiego stopnia ‚Äì magisterskie (4 sem.), sp. tech
niki multimedialne,
 []


Overfull \hbox (14.39163pt too wide) in paragraph at lines 38--39
[][]\OT4/cmr/m/n/12 studia pierwszego stopnia ‚Äì licencjackie (6 sem.), sp. na
uczanie matematyki,
 []


Overfull \hbox (8.58197pt too wide) in paragraph at lines 39--41
[][]\OT4/cmr/m/n/12 studia drugiego stopnia ‚Äì magisterskie (4 sem.), sp. nauc
zanie matematyki,
 []

LaTeX Font Info:    External font `plex10' loaded for size
(Font)              <8> on input line 42.
LaTeX Font Info:    External font `plex10' loaded for size
(Font)              <6> on input line 42.

Overfull \hbox (5.31812pt too wide) in paragraph at lines 41--44
[][]\OT4/cmr/m/n/12 studia drugiego stopnia ‚Äì magisterskie (4 sem.), sp. nauc
zanie matematyki
 []


Overfull \hbox (26.75124pt too wide) in paragraph at lines 41--44
\OT4/cmr/m/n/12 Pa≈Ñstwowa Komisja Akredytacyjna w dniu 19 marca 2009r. oceni
≈Ça pozytywnie
 []

! Undefined control sequence.
l.46 \selection
               {Struktura organizacyjna}
The control sequence at the end of the top line
of your error message was never \def'ed. If you have
misspelled it (e.g., `\hobx'), type `I' and the correct
spelling (e.g., `I\hbox'). Otherwise just continue,
and I'll forget about whatever was undefined.


! Package inputenc Error: Unicode char \u8:√≥wna not set up for use with LaTeX.


See the inputenc package documentation for explanation.
Type  H <return>  for immediate help.
 ...                                              
                                                  
l.50 \item Katedra Analizy i R√≥wna
                                   ≈Ñ R√≥≈ºniczkowych
Your command was ignored.
Type  I <command> <return>  to replace it with another command,
or  <return>  to continue without it.


! Package inputenc Error: Unicode char \u8:√≥≈ºni not set up for use with LaTeX
.

See the inputenc package documentation for explanation.
Type  H <return>  for immediate help.
 ...                                              
                                                  
l.50 \item Katedra Analizy i R√≥wna≈Ñ R√≥≈ºni
                                             czkowych
Your command was ignored.
Type  I <command> <return>  to replace it with another command,
or  <return>  to continue without it.


! Package inputenc Error: Unicode char \u8:√≥wiG not set up for use with LaTeX.


See the inputenc package documentation for explanation.
Type  H <return>  for immediate help.
 ...                                              
                                                  
l.58 \item Katedra Multimedi√≥w i G
                                   rafiki Komputerowej
Your command was ignored.
Type  I <command> <return>  to replace it with another command,
or  <return>  to continue without it.

! Undefined control sequence.
l.65 \selection
               {W≈Çadze wydzia≈Çu}
The control sequence at the end of the top line
of your error message was never \def'ed. If you have
misspelled it (e.g., `\hobx'), type `I' and the correct
spelling (e.g., `I\hbox'). Otherwise just continue,
and I'll forget about whatever was undefined.


! Package inputenc Error: Unicode char \u8:√≥bow not set up for use with LaTeX.


See the inputenc package documentation for explanation.
Type  H <return>  for immediate help.
 ...                                              
                                                  
l.68 \item Dziekan: dr hab. Jan Jak√≥bow
                                        ski, prof. UWM
Your command was ignored.
Type  I <command> <return>  to replace it with another command,
or  <return>  to continue without it.

[2]
! Undefined control sequence.
l.74 \selection
               {Historia wydzia≈Çu}
The control sequence at the end of the top line
of your error message was never \def'ed. If you have
misspelled it (e.g., `\hobx'), type `I' and the correct
spelling (e.g., `I\hbox'). Otherwise just continue,
and I'll forget about whatever was undefined.


! Package inputenc Error: Unicode char \u8:√≥wcz not set up for use with LaTeX.


See the inputenc package documentation for explanation.
Type  H <return>  for immediate help.
 ...                                              
                                                  
l.75 ...‚Äì Katedry Statystyki Matematycznej √≥wcz
                                                  esnej Wy≈ºszej Szko≈Çy Rol...

Your command was ignored.
Type  I <command> <return>  to replace it with another command,
or  <return>  to continue without it.


Overfull \hbox (1.93631pt too wide) in paragraph at lines 74--76
\OT4/cmr/m/n/12 Mazurskiego, ale jego korzenie siƒôgajƒÖ lat 50. XX w. Decyzj
ƒô o powo≈Çaniu Wydzia≈Çu
 []


Overfull \hbox (18.58743pt too wide) in paragraph at lines 74--76
\OT4/cmr/m/n/12 w Zespo≈Çowej Katedrze Fizyki, a od 1951 roku ‚Äì Katedry Staty
styki Matematycznej
 []


Overfull \hbox (1.1279pt too wide) in paragraph at lines 74--76
\OT4/cmr/m/n/12 esnej Wy≈ºszej Szko≈Çy Rolniczej, przemianowanej w 1972 r. na A
kademiƒô Rolniczo
 []


Overfull \hbox (27.57344pt too wide) in paragraph at lines 74--76
\OT4/cmr/m/n/12 TechnicznƒÖ. Natomiast kszta≈Çcenie matematyczne i badania w dz
iedzinie matematyki
 []


Overfull \hbox (38.40527pt too wide) in paragraph at lines 74--76
\OT4/cmr/m/n/12 zapoczƒÖtkowane zosta≈Çy wraz z utworzeniem w roku 1969 Wy≈ºsze
j Szko≈Çy Nauczycielskiej
 []


Overfull \hbox (4.8834pt too wide) in paragraph at lines 74--76
\OT4/cmr/m/n/12 (od 1974 r. pod nazwƒÖ Wy≈ºsza Szko≈Ça Pedagogiczna). Wydzia≈Ç 
jest kontynuatorem
 []


Overfull \hbox (36.6583pt too wide) in paragraph at lines 77--78
\OT4/cmr/m/n/12 naukowego doktora w dziedzinie nauk matematycznych w dyscyplini
e matematyka$[][]$. 
 []

! Undefined control sequence.
l.79 \selection
               {Nowa siedziba Wydzia≈Çu}
The control sequence at the end of the top line
of your error message was never \def'ed. If you have
misspelled it (e.g., `\hobx'), type `I' and the correct
spelling (e.g., `I\hbox'). Otherwise just continue,
and I'll forget about whatever was undefined.


! Package inputenc Error: Unicode char \u8:√≥wPr not set up for use with LaTeX.


See the inputenc package documentation for explanation.
Type  H <return>  for immediate help.
 ...                                              
                                                  
l.81 ... z≈Çotych realizowana jest ze ≈õrodk√≥w Pr
                                                  ogramu Operacyjnego Rozwoj...

Your command was ignored.
Type  I <command> <return>  to replace it with another command,
or  <return>  to continue without it.


Overfull \hbox (1.20149pt too wide) in paragraph at lines 79--83
\OT4/cmr/m/n/12 ramach projektu "Udoskonalenie infrastruktury i wyposa≈ºenia la
boratoryjnego
 []


! Package inputenc Error: Unicode char \u8:√≥wkƒÖ not set up for use with LaTeX
.

See the inputenc package documentation for explanation.
Type  H <return>  for immediate help.
 ...                                              
                                                  
l.84 Kompleks RCI jest wizyt√≥wkƒÖ
                                   olszty≈Ñskiego Uniwersytetu - o≈õrodkiem ...

Your command was ignored.
Type  I <command> <return>  to replace it with another command,
or  <return>  to continue without it.


! Package inputenc Error: Unicode char \u8:√≥wor not set up for use with LaTeX.


See the inputenc package documentation for explanation.
Type  H <return>  for immediate help.
 ...                                              
                                                  
l.84 ... ramach projektu powsta≈Ço 5 obiekt√≥w o r
                                                  √≥≈ºnej liczbie kondygnacj...

Your command was ignored.
Type  I <command> <return>  to replace it with another command,
or  <return>  to continue without it.


! Package inputenc Error: Unicode char \u8:√≥≈ºne not set up for use with LaTeX
.

See the inputenc package documentation for explanation.
Type  H <return>  for immediate help.
 ...                                              
                                                  
l.84 ...h projektu powsta≈Ço 5 obiekt√≥w o r√≥≈ºne
                                                  j liczbie kondygnacji (1-4...

Your command was ignored.
Type  I <command> <return>  to replace it with another command,
or  <return>  to continue without it.


! Package inputenc Error: Unicode char \u8:√≥b.O not set up for use with LaTeX.


See the inputenc package documentation for explanation.
Type  H <return>  for immediate help.
 ...                                              
                                                  
l.84 ...zowo mo≈ºe przebywaƒá oko≈Ço 1200 os√≥b. O
                                                  bok budynku znajduje siƒô ...

Your command was ignored.
Type  I <command> <return>  to replace it with another command,
or  <return>  to continue without it.

Runaway argument?
! Paragraph ended before \UTFviii@four@octets was complete.
<to be read again> 
                   \par 
l.85 
     
I suspect you've forgotten a `}', causing me to apply this
control sequence to too much text. How can we recover?
My plan is to forget the whole thing and hope for the best.


Overfull \hbox (16.88893pt too wide) in paragraph at lines 84--85
[][]\OT4/cmr/m/n/12 Kompleks RCI jest wizyt olszty≈Ñskiego Uniwersytetu - o≈õro
dkiem nowoczesnych
 []


Overfull \hbox (13.75145pt too wide) in paragraph at lines 86--88
[][]\OT4/cmr/m/n/12 Projekt nowej siedziby Wydzia≈Çu opracowa≈Ça sp. z o.o. GEN
ERAL-PROJEKT
 []


Overfull \hbox (3.67369pt too wide) in paragraph at lines 86--88
\OT4/cmr/m/n/12 z Olsztyna pod kierunkiem mgr in≈º. Anny Urban. WykonawcƒÖ prac
 budowlanych
 []

[3]

! Package inputenc Error: Unicode char \u8:√≥reg not set up for use with LaTeX.


See the inputenc package documentation for explanation.
Type  H <return>  for immediate help.
 ...                                              
                                                  
l.92 ...turƒÖ TeleinformatycznƒÖ, w sk≈Çad kt√≥reg
                                                  o wchodzi Serwerownia UW-M...

Your command was ignored.
Type  I <command> <return>  to replace it with another command,
or  <return>  to continue without it.


Overfull \hbox (6.68477pt too wide) in paragraph at lines 92--93
[][]\OT4/cmr/m/n/12 Centrum ZarzƒÖdzania InfrastrukturƒÖ TeleinformatycznƒÖ, w 
sk≈Çad kto wchodzi
 []


Overfull \hbox (23.38739pt too wide) in paragraph at lines 92--93
\OT4/cmr/m/n/12 sieci Pionier, O≈õrodek ZarzƒÖdzania i EksploatacjiMiejskiej Si
eci Komputerowej
 []


! Package inputenc Error: Unicode char \u8:√≥win not set up for use with LaTeX.


See the inputenc package documentation for explanation.
Type  H <return>  for immediate help.
 ...                                              
                                                  
l.95 ...hodzi ponad 20 pracowni i laboratori√≥w in
                                                  formatycznych i fizycznych...

Your command was ignored.
Type  I <command> <return>  to replace it with another command,
or  <return>  to continue without it.


! Package inputenc Error: Unicode char \u8:√≥b,d not set up for use with LaTeX.


See the inputenc package documentation for explanation.
Type  H <return>  for immediate help.
 ...                                              
                                                  
l.95 ...ozwalajƒÖca zmie≈õciƒá oko≈Ço 250 os√≥b, d
                                                  wie mniejsze aule po oko≈Ç...

Your command was ignored.
Type  I <command> <return>  to replace it with another command,
or  <return>  to continue without it.


! Package inputenc Error: Unicode char \u8:√≥bka not set up for use with LaTeX.


See the inputenc package documentation for explanation.
Type  H <return>  for immediate help.
 ...                                              
                                                  
l.95 ... dwie mniejsze aule po oko≈Ço 130 os√≥b ka
                                                  ≈ºda, 10 sal seminaryjnych...

Your command was ignored.
Type  I <command> <return>  to replace it with another command,
or  <return>  to continue without it.


! Package inputenc Error: Unicode char \u8:√≥wdl not set up for use with LaTeX.


See the inputenc package documentation for explanation.
Type  H <return>  for immediate help.
 ...                                              
                                                  
l.95 ...Ö do prowadzenia szkole≈Ñ i warsztat√≥w dl
                                                  a kadry Uczelni oraz salƒô...

Your command was ignored.
Type  I <command> <return>  to replace it with another command,
or  <return>  to continue without it.


! Package inputenc Error: Unicode char \u8:√≥lno not set up for use with LaTeX.


See the inputenc package documentation for explanation.
Type  H <return>  for immediate help.
 ...                                              
                                                  
l.97 ...sne pracownie i laboratoria, w szczeg√≥lno
                                                  ≈õci:
Your command was ignored.
Type  I <command> <return>  to replace it with another command,
or  <return>  to continue without it.


! Package inputenc Error: Unicode char \u8:√≥wis not set up for use with LaTeX.


See the inputenc package documentation for explanation.
Type  H <return>  for immediate help.
 ...                                              
                                                  
l.101 ...Laboratorium architektury komputer√≥w i s
                                                  ieci teleinformatycznych,
Your command was ignored.
Type  I <command> <return>  to replace it with another command,
or  <return>  to continue without it.


! Package inputenc Error: Unicode char \u8:√≥wpr not set up for use with LaTeX.


See the inputenc package documentation for explanation.
Type  H <return>  for immediate help.
 ...                                              
                                                  
l.103 \item Laboratorium jƒôzyk√≥w pr
                                     ogramowania,
Your command was ignored.
Type  I <command> <return>  to replace it with another command,
or  <return>  to continue without it.


! Package inputenc Error: Unicode char \u8:√≥wop not set up for use with LaTeX.


See the inputenc package documentation for explanation.
Type  H <return>  for immediate help.
 ...                                              
                                                  
l.104 \item Laboratorium system√≥w op
                                     eracyjnych,
Your command was ignored.
Type  I <command> <return>  to replace it with another command,
or  <return>  to continue without it.


! Package inputenc Error: Unicode char \u8:√≥win not set up for use with LaTeX.


See the inputenc package documentation for explanation.
Type  H <return>  for immediate help.
 ...                                              
                                                  
l.105 \item Laboratorium system√≥w in
                                     formatycznych,
Your command was ignored.
Type  I <command> <return>  to replace it with another command,
or  <return>  to continue without it.


! Package inputenc Error: Unicode char \u8:√≥wwb not set up for use with LaTeX.


See the inputenc package documentation for explanation.
Type  H <return>  for immediate help.
 ...                                              
                                                  
l.107 \item Laboratorium system√≥w wb
                                     udowanych,
Your command was ignored.
Type  I <command> <return>  to replace it with another command,
or  <return>  to continue without it.


! Package inputenc Error: Unicode char \u8:√≥wmo not set up for use with LaTeX.


See the inputenc package documentation for explanation.
Type  H <return>  for immediate help.
 ...                                              
                                                  
l.108 \item Laboratorium system√≥w mo
                                     bilnych,
Your command was ignored.
Type  I <command> <return>  to replace it with another command,
or  <return>  to continue without it.


! Package inputenc Error: Unicode char \u8:√≥lne not set up for use with LaTeX.


See the inputenc package documentation for explanation.
Type  H <return>  for immediate help.
 ...                                              
                                                  
l.115 \item Dwie pracownie fizyki og√≥lne
                                         j,
Your command was ignored.
Type  I <command> <return>  to replace it with another command,
or  <return>  to continue without it.


! Package inputenc Error: Unicode char \u8:√≥w.\end not set up for use with LaT
eX.

See the inputenc package documentation for explanation.
Type  H <return>  for immediate help.
 ...                                              
                                                  
l.119 \end
          {itemize}
Your command was ignored.
Type  I <command> <return>  to replace it with another command,
or  <return>  to continue without it.

[4]

! Package inputenc Error: Unicode char \u8:√≥w,\item not set up for use with La
TeX.

See the inputenc package documentation for explanation.
Type  H <return>  for immediate help.
 ...                                              
                                                  
l.124 \item
            Pracownia symulacji komputerowych i rzeczywisto≈õci wirtualnej,
Your command was ignored.
Type  I <command> <return>  to replace it with another command,
or  <return>  to continue without it.


Overfull \hbox (10.07915pt too wide) in paragraph at lines 123--125
[][]\OT4/cmr/m/n/12 Pracownia transmisji i przetwarzania multimediPracownia sym
ulacji
 []


! Package inputenc Error: Unicode char \u8:√≥wme not set up for use with LaTeX.


See the inputenc package documentation for explanation.
Type  H <return>  for immediate help.
 ...                                              
                                                  
l.125 \item Pracownia komputerowych system√≥w me
                                                dycznych (rozpoznawania obra...

Your command was ignored.
Type  I <command> <return>  to replace it with another command,
or  <return>  to continue without it.


! Package inputenc Error: Unicode char \u8:√≥w), not set up for use with LaTeX.


See the inputenc package documentation for explanation.
Type  H <return>  for immediate help.
 ...                                              
                                                  
l.125 ...m√≥w medycznych (rozpoznawania obraz√≥w),
                                                  
Your command was ignored.
Type  I <command> <return>  to replace it with another command,
or  <return>  to continue without it.


! Package inputenc Error: Unicode char \u8:√≥w.M not set up for use with LaTeX.


See the inputenc package documentation for explanation.
Type  H <return>  for immediate help.
 ...                                              
                                                  
l.131 ...ƒÖdzenia ≈õwiatowej klasy producent√≥w. M
                                                  o≈ºemy do nich zaliczyƒá:
Your command was ignored.
Type  I <command> <return>  to replace it with another command,
or  <return>  to continue without it.


! Package inputenc Error: Unicode char \u8:√≥wwb not set up for use with LaTeX.


See the inputenc package documentation for explanation.
Type  H <return>  for immediate help.
 ...                                              
                                                  
l.134 ...to wyposa≈ºenie laboratorium system√≥w wb
                                                  udowanych.
Your command was ignored.
Type  I <command> <return>  to replace it with another command,
or  <return>  to continue without it.


Overfull \hbox (40.62881pt too wide) in paragraph at lines 136--137
\OT4/cmr/m/n/12 (alfa), badania pompowania optycznego, promieniowania X, eksper
ymentu
 []


! Package inputenc Error: Unicode char \u8:√≥whu not set up for use with LaTeX.


See the inputenc package documentation for explanation.
Type  H <return>  for immediate help.
 ...                                              
                                                  
l.137 \item Zestaw inteligentnych robot√≥w hu
                                             manoidalnych oraz zestaw uniwer...

Your command was ignored.
Type  I <command> <return>  to replace it with another command,
or  <return>  to continue without it.


! Package inputenc Error: Unicode char \u8:√≥wpr not set up for use with LaTeX.


See the inputenc package documentation for explanation.
Type  H <return>  for immediate help.
 ...                                              
                                                  
l.137 ...ych oraz zestaw uniwersalnych robot√≥w pr
                                                  ogramowalnych.
Your command was ignored.
Type  I <command> <return>  to replace it with another command,
or  <return>  to continue without it.


Overfull \hbox (11.06245pt too wide) in paragraph at lines 137--138
[][]\OT4/cmr/m/n/12 Zestaw inteligentnych robotmanoidalnych oraz zestaw uniwers
alnych
 []


! Package inputenc Error: Unicode char \u8:√≥wwt not set up for use with LaTeX.


See the inputenc package documentation for explanation.
Type  H <return>  for immediate help.
 ...                                              
                                                  
l.140 ...a na badanie powierzchni materia≈Ç√≥w w t
                                                  ym ferromagnetycznych, izo...

Your command was ignored.
Type  I <command> <return>  to replace it with another command,
or  <return>  to continue without it.


! Package inputenc Error: Unicode char \u8:√≥wor not set up for use with LaTeX.


See the inputenc package documentation for explanation.
Type  H <return>  for immediate help.
 ...                                              
                                                  
l.140 ... w tym ferromagnetycznych, izolator√≥w or
                                                  az badania w≈Ça≈õciwo≈õci ...

Your command was ignored.
Type  I <command> <return>  to replace it with another command,
or  <return>  to continue without it.


! Package inputenc Error: Unicode char \u8:√≥rek not set up for use with LaTeX.


See the inputenc package documentation for explanation.
Type  H <return>  for immediate help.
 ...                                              
                                                  
l.140 ...z badania w≈Ça≈õciwo≈õci ≈ºywych kom√≥rek
                                                   w ich naturalnym ciek≈Çym...

Your command was ignored.
Type  I <command> <return>  to replace it with another command,
or  <return>  to continue without it.


! Package inputenc Error: Unicode char \u8:√≥bek not set up for use with LaTeX.


See the inputenc package documentation for explanation.
Type  H <return>  for immediate help.
 ...                                              
                                                  
l.140 ...opu AFM jest mo≈ºliwo≈õƒá badania pr√≥bek
                                                   w powietrzu, cieczy i pr√...

Your command was ignored.
Type  I <command> <return>  to replace it with another command,
or  <return>  to continue without it.


! Package inputenc Error: Unicode char \u8:√≥≈ºni not set up for use with LaTeX
.

See the inputenc package documentation for explanation.
Type  H <return>  for immediate help.
 ...                                              
                                                  
l.140 ...ia pr√≥bek w powietrzu, cieczy i pr√≥≈ºni
                                                  . Z kolei pracownia metod ...

Your command was ignored.
Type  I <command> <return>  to replace it with another command,
or  <return>  to continue without it.


Overfull \hbox (44.44966pt too wide) in paragraph at lines 140--141
[][]\OT4/cmr/m/n/12 JednƒÖ z najwiƒôkszych inwestycji by≈Ç zakup wyposa≈ºenia d
o pracowni nanotechnologii
 []


Overfull \hbox (11.21399pt too wide) in paragraph at lines 140--141
\OT4/cmr/m/n/12 zainstalowany jest mikroskop si≈Ç atomowych (AFM) co pozwala na
 badanie
 []


Overfull \hbox (8.5167pt too wide) in paragraph at lines 140--141
\OT4/cmr/m/n/12 powierzchni materia≈Çym ferromagnetycznych, izolatoraz badania 
w≈Ça≈õciwo≈õci
 []


! Package inputenc Error: Unicode char \u8:√≥wkl not set up for use with LaTeX.


See the inputenc package documentation for explanation.
Type  H <return>  for immediate help.
 ...                                              
                                                  
l.142 ..., znajduje siƒô oko≈Ço 250 komputer√≥w kl
                                                  asy PC.
Your command was ignored.
Type  I <command> <return>  to replace it with another command,
or  <return>  to continue without it.


! Package inputenc Error: Unicode char \u8:√≥wni not set up for use with LaTeX.


See the inputenc package documentation for explanation.
Type  H <return>  for immediate help.
 ...                                              
                                                  
l.144 ...boratoria czy sale seminaryjne. To r√≥wni
                                                  e≈º Akademicki O≈õrodek Ob...

Your command was ignored.
Type  I <command> <return>  to replace it with another command,
or  <return>  to continue without it.


! Package inputenc Error: Unicode char \u8:√≥wmo not set up for use with LaTeX.


See the inputenc package documentation for explanation.
Type  H <return>  for immediate help.
 ...                                              
                                                  
l.144 ... o technologiƒô klastrowania serwer√≥w mo
                                                  ≈ºe hostowƒá wiele serwer√...

Your command was ignored.
Type  I <command> <return>  to replace it with another command,
or  <return>  to continue without it.


! Package inputenc Error: Unicode char \u8:√≥wwi not set up for use with LaTeX.


See the inputenc package documentation for explanation.
Type  H <return>  for immediate help.
 ...                                              
                                                  
l.144 ...rwer√≥w mo≈ºe hostowƒá wiele serwer√≥w wi
                                                  rtualnych
Your command was ignored.
Type  I <command> <return>  to replace it with another command,
or  <return>  to continue without it.


! Package inputenc Error: Unicode char \u8:√≥wzp not set up for use with LaTeX.


See the inputenc package documentation for explanation.
Type  H <return>  for immediate help.
 ...                                              
                                                  
l.145 ...lna jest za wirtualizacjƒô desktop√≥w z p
                                                  reinstalowanym specjalisty...

Your command was ignored.
Type  I <command> <return>  to replace it with another command,
or  <return>  to continue without it.


! Package inputenc Error: Unicode char \u8:√≥w.K not set up for use with LaTeX.


See the inputenc package documentation for explanation.
Type  H <return>  for immediate help.
 ...                                              
                                                  
l.145 ...tycznym oprogramowaniem dla naukowc√≥w. K
                                                  olejna pula to dynamicznie...

Your command was ignored.
Type  I <command> <return>  to replace it with another command,
or  <return>  to continue without it.


! Package inputenc Error: Unicode char \u8:√≥wma not set up for use with LaTeX.


See the inputenc package documentation for explanation.
Type  H <return>  for immediate help.
 ...                                              
                                                  
l.145 ...tworzone grupy takich samych zestaw√≥w ma
                                                  szyn wirtualnych do labora...

Your command was ignored.
Type  I <command> <return>  to replace it with another command,
or  <return>  to continue without it.


! Package inputenc Error: Unicode char \u8:√≥wko not set up for use with LaTeX.


See the inputenc package documentation for explanation.
Type  H <return>  for immediate help.
 ...                                              
                                                  
l.146 ko
        mputerowych. Dodatkowo wykorzystana jest wirtualizacja aplikacji. Za...

Your command was ignored.
Type  I <command> <return>  to replace it with another command,
or  <return>  to continue without it.


Overfull \hbox (18.89575pt too wide) in paragraph at lines 144--147
\OT4/cmr/m/n/12 za wirtualizacjƒô desktopreinstalowanym specjalistycznym oprogr
amowaniem
 []


Overfull \hbox (31.72063pt too wide) in paragraph at lines 144--147
\OT4/cmr/m/n/12 zestawszyn wirtualnych do laboratorimputerowych. Dodatkowo wyko
rzystana
 []

[5]

! Package inputenc Error: Unicode char \u8:√≥rym not set up for use with LaTeX.


See the inputenc package documentation for explanation.
Type  H <return>  for immediate help.
 ...                                              
                                                  
l.149 ...á na s≈Çabym i starym sprzƒôcie, kt√≥ry m
                                                  usi tylko uruchomiƒá po≈Çƒ...

Your command was ignored.
Type  I <command> <return>  to replace it with another command,
or  <return>  to continue without it.


! Package inputenc Error: Unicode char \u8:√≥wwi not set up for use with LaTeX.


See the inputenc package documentation for explanation.
Type  H <return>  for immediate help.
 ...                                              
                                                  
l.151 ...ôki dynamicznemu tworzeniu komputer√≥w wi
                                                  rtualnych z szablon√≥w, do...

Your command was ignored.
Type  I <command> <return>  to replace it with another command,
or  <return>  to continue without it.


! Package inputenc Error: Unicode char \u8:√≥w,d not set up for use with LaTeX.


See the inputenc package documentation for explanation.
Type  H <return>  for immediate help.
 ...                                              
                                                  
l.151 ...u komputer√≥w wirtualnych z szablon√≥w, d
                                                  o ka≈ºdego specjalistyczne...

Your command was ignored.
Type  I <command> <return>  to replace it with another command,
or  <return>  to continue without it.


! Package inputenc Error: Unicode char \u8:√≥bos not set up for use with LaTeX.


See the inputenc package documentation for explanation.
Type  H <return>  for immediate help.
 ...                                              
                                                  
l.151 ...rƒôbny szablon desktopu; w ten spos√≥b os
                                                  zczƒôdzamy zasoby licencji...

Your command was ignored.
Type  I <command> <return>  to replace it with another command,
or  <return>  to continue without it.


! Package inputenc Error: Unicode char \u8:√≥wno not set up for use with LaTeX.


See the inputenc package documentation for explanation.
Type  H <return>  for immediate help.
 ...                                              
                                                  
l.151 ...iezbƒôdnego minimum pozwalajƒÖc na r√≥wno
                                                  leg≈ÇƒÖ pracƒô w tym samym...

Your command was ignored.
Type  I <command> <return>  to replace it with another command,
or  <return>  to continue without it.


! Package inputenc Error: Unicode char \u8:√≥≈ºny not set up for use with LaTeX
.

See the inputenc package documentation for explanation.
Type  H <return>  for immediate help.
 ...                                              
                                                  
l.151 ... pracƒô w tym samym czasie, ale w r√≥≈ºny
                                                  ch pracowniach;
Your command was ignored.
Type  I <command> <return>  to replace it with another command,
or  <return>  to continue without it.


Overfull \hbox (15.33603pt too wide) in paragraph at lines 151--152
[][]\OT4/cmr/m/n/12 Dziƒôki dynamicznemu tworzeniu komputerrtualnych z szablono
 ka≈ºdego
 []


! Package inputenc Error: Unicode char \u8:√≥rej not set up for use with LaTeX.


See the inputenc package documentation for explanation.
Type  H <return>  for immediate help.
 ...                                              
                                                  
l.152 ...ogramowania do bada≈Ñ naukowych, kt√≥re j
                                                  est dostƒôpne na ca≈Çej uc...

Your command was ignored.
Type  I <command> <return>  to replace it with another command,
or  <return>  to continue without it.


Overfull \hbox (11.38884pt too wide) in paragraph at lines 152--153
[][]\OT4/cmr/m/n/12 To samo dotyczy oprogramowania do bada≈Ñ naukowych, ktest d
ostƒôpne
 []


! Package inputenc Error: Unicode char \u8:√≥wor not set up for use with LaTeX.


See the inputenc package documentation for explanation.
Type  H <return>  for immediate help.
 ...                                              
                                                  
l.153 ...cza przed rozprzestrzenianiem wirus√≥w or
                                                  az ≈ºmudnym czyszczeniem s...

Your command was ignored.
Type  I <command> <return>  to replace it with another command,
or  <return>  to continue without it.


! Package inputenc Error: Unicode char \u8:√≥wop not set up for use with LaTeX.


See the inputenc package documentation for explanation.
Type  H <return>  for immediate help.
 ...                                              
                                                  
l.153 ...w oraz ≈ºmudnym czyszczeniem system√≥w op
                                                  eracyjnych z plik√≥w pozos...

Your command was ignored.
Type  I <command> <return>  to replace it with another command,
or  <return>  to continue without it.


! Package inputenc Error: Unicode char \u8:√≥wpo not set up for use with LaTeX.


See the inputenc package documentation for explanation.
Type  H <return>  for immediate help.
 ...                                              
                                                  
l.153 ...eniem system√≥w operacyjnych z plik√≥w po
                                                  zostawianych przez student...

Your command was ignored.
Type  I <command> <return>  to replace it with another command,
or  <return>  to continue without it.


! Package inputenc Error: Unicode char \u8:√≥w.\end not set up for use with LaT
eX.

See the inputenc package documentation for explanation.
Type  H <return>  for immediate help.
 ...                                              
                                                  
l.154 \end
          {itemize}
Your command was ignored.
Type  I <command> <return>  to replace it with another command,
or  <return>  to continue without it.


Overfull \hbox (17.39433pt too wide) in paragraph at lines 153--155
\OT4/cmr/m/n/12 rozprzestrzenianiem wirusaz ≈ºmudnym czyszczeniem systemeracyjn
ych
 []


! Package inputenc Error: Unicode char \u8:√≥wwi not set up for use with LaTeX.


See the inputenc package documentation for explanation.
Type  H <return>  for immediate help.
 ...                                              
                                                  
l.156 Do przechowywania system√≥w wi
                                    rtualnych wykorzystana jest macierz z wb...

Your command was ignored.
Type  I <command> <return>  to replace it with another command,
or  <return>  to continue without it.


! Package inputenc Error: Unicode char \u8:√≥wSA not set up for use with LaTeX.


See the inputenc package documentation for explanation.
Type  H <return>  for immediate help.
 ...                                              
                                                  
l.156 ... Channel oraz dodatkowo zestaw dysk√≥w SA
                                                  TA. Taka konfiguracja umo≈...

Your command was ignored.
Type  I <command> <return>  to replace it with another command,
or  <return>  to continue without it.


! Package inputenc Error: Unicode char \u8:√≥wwi not set up for use with LaTeX.


See the inputenc package documentation for explanation.
Type  H <return>  for immediate help.
 ...                                              
                                                  
l.156 ...umo≈ºliwia szybkƒÖ obs≈Çugƒô serwer√≥w wi
                                                  rtualizacji, a dyski SATA ...

Your command was ignored.
Type  I <command> <return>  to replace it with another command,
or  <return>  to continue without it.


! Package inputenc Error: Unicode char \u8:√≥wws not set up for use with LaTeX.


See the inputenc package documentation for explanation.
Type  H <return>  for immediate help.
 ...                                              
                                                  
l.156 ...i SATA pozwalajƒÖ na tworzenie dysk√≥w ws
                                                  p√≥≈Çdzielonych dla system...

Your command was ignored.
Type  I <command> <return>  to replace it with another command,
or  <return>  to continue without it.


! Package inputenc Error: Unicode char \u8:√≥≈Çdz not set up for use with LaTeX
.

See the inputenc package documentation for explanation.
Type  H <return>  for immediate help.
 ...                                              
                                                  
l.156 ...pozwalajƒÖ na tworzenie dysk√≥w wsp√≥≈Çdz
                                                  ielonych dla system√≥w Win...

Your command was ignored.
Type  I <command> <return>  to replace it with another command,
or  <return>  to continue without it.


! Package inputenc Error: Unicode char \u8:√≥wWi not set up for use with LaTeX.


See the inputenc package documentation for explanation.
Type  H <return>  for immediate help.
 ...                                              
                                                  
l.156 ...ysk√≥w wsp√≥≈Çdzielonych dla system√≥w Wi
                                                  ndows i Linux.
Your command was ignored.
Type  I <command> <return>  to replace it with another command,
or  <return>  to continue without it.


Overfull \hbox (19.44016pt too wide) in paragraph at lines 156--157
\OT4/cmr/m/n/12 wbudowanymi serwerami NAS. PodstawƒÖ sƒÖ dyski pracujƒÖce w tec
hnologii
 []


! Package inputenc Error: Unicode char \u8:√≥g≈Çb not set up for use with LaTeX
.

See the inputenc package documentation for explanation.
Type  H <return>  for immediate help.
 ...                                              
                                                  
l.158 ...j sieci Internet, Uniwersytet nie m√≥g≈Çb
                                                  y w pe≈Çni realizowaƒá swo...

Your command was ignored.
Type  I <command> <return>  to replace it with another command,
or  <return>  to continue without it.


! Package inputenc Error: Unicode char \u8:√≥wni not set up for use with LaTeX.


See the inputenc package documentation for explanation.
Type  H <return>  for immediate help.
 ...                                              
                                                  
l.158 ...aƒá swojej misji. Nowy kompleks to r√≥wni
                                                  e≈º dodatkowy wƒôze≈Ç siec...

Your command was ignored.
Type  I <command> <return>  to replace it with another command,
or  <return>  to continue without it.


! Package inputenc Error: Unicode char \u8:√≥ryz not set up for use with LaTeX.


See the inputenc package documentation for explanation.
Type  H <return>  for immediate help.
 ...                                              
                                                  
l.158 ...ie≈º dodatkowy wƒôze≈Ç sieciowy, kt√≥ry z
                                                  apewnia uczelni nadmiarowo...

Your command was ignored.
Type  I <command> <return>  to replace it with another command,
or  <return>  to continue without it.


! Package inputenc Error: Unicode char \u8:√≥rcz not set up for use with LaTeX.


See the inputenc package documentation for explanation.
Type  H <return>  for immediate help.
 ...                                              
                                                  
l.158 ...hwili uruchomienia agregatu prƒÖdotw√≥rcz
                                                  ego.
Your command was ignored.
Type  I <command> <return>  to replace it with another command,
or  <return>  to continue without it.


Overfull \hbox (9.97498pt too wide) in paragraph at lines 158--159
\OT4/cmr/m/n/12 sieci Pionier i obs≈Çugi sieci Uczelni. Nad ciƒÖg≈Ço≈õciƒÖ dzia
≈Çania infrastruktury
 []

! Undefined control sequence.
l.160 \selection
                {Adres}
The control sequence at the end of the top line
of your error message was never \def'ed. If you have
misspelled it (e.g., `\hobx'), type `I' and the correct
spelling (e.g., `I\hbox'). Otherwise just continue,
and I'll forget about whatever was undefined.

! Undefined control sequence.
l.166 \selection
                {Przypisy}
The control sequence at the end of the top line
of your error message was never \def'ed. If you have
misspelled it (e.g., `\hobx'), type `I' and the correct
spelling (e.g., `I\hbox'). Otherwise just continue,
and I'll forget about whatever was undefined.

[6]

! LaTeX Error: \begin{itemize} on input line 148 ended by \end{document}.

See the LaTeX manual or LaTeX Companion for explanation.
Type  H <return>  for immediate help.
 ...                                              
                                                  
l.172 \end{document}
                    
Your command was ignored.
Type  I <command> <return>  to replace it with another command,
or  <return>  to continue without it.

[7] (D:/iokr/ProgUzytkowe/m.aux) )
(\end occurred inside a group at level 2)

### semi simple group (level 2) entered at line 148 (\begingroup)
### semi simple group (level 1) entered at line 114 (\begingroup)
### bottom level

Here is how much of LuaTeX's memory you used:
 1024 strings out of 495014
 100000,89155 words of node,token memory allocated
 333 words of node memory still in use:
    nodes
   avail lists: 2:14,3:88,4:581,5:268,6:2297,7:14,9:95,10:7
 4520 multiletter control sequences out of 65536+200000
 50 fonts using 1408539 bytes
 23i,5n,24p,893b,270s stack positions out of 5000i,500n,10000p,200000b,50000s
{C:/Users/local/AppData/Roaming/MiKTeX/2.9/fonts/enc/dvips/pl/plrm.enc}<C:/Prog
ram Files (x86)/MiKTeX 2.9/fonts/type1/public/amsfonts/cm/cmsy10.pfb><C:/Users/
local/AppData/Roaming/MiKTeX/2.9/fonts/type1/public/pl/plbx10.pfb><C:/Users/loc
al/AppData/Roaming/MiKTeX/2.9/fonts/type1/public/pl/plbx12.pfb><C:/Users/local/
AppData/Roaming/MiKTeX/2.9/fonts/type1/public/pl/plr10.pfb><C:/Users/local/AppD
ata/Roaming/MiKTeX/2.9/fonts/type1/public/pl/plr12.pfb><C:/Users/local/AppData/
Roaming/MiKTeX/2.9/fonts/type1/public/pl/plr17.pfb><C:/Users/local/AppData/Roam
ing/MiKTeX/2.9/fonts/type1/public/pl/plr8.pfb>
Output written on m.pdf (7 pages, 72867 bytes).

PDF statistics: 55 PDF objects out of 1000 (max. 8388607)
 0 named destinations out of 1000 (max. 131072)
 1 words of extra memory for PDF output out of 10000 (max. 10000000)

